<?xml version="1.0" encoding="UTF-8"?>
<testsuite name="com.backoffice_pos.backend.web.dto.HelloResponseDtoTest" tests="1" skipped="0" failures="0" errors="0" timestamp="2020-09-18T05:15:57" hostname="sungwooui-MacBook-Pro.local" time="0.037">
  <properties/>
  <testcase name="롬북_기능_테스트" classname="com.backoffice_pos.backend.web.dto.HelloResponseDtoTest" time="0.037"/>
  <system-out><![CDATA[]]></system-out>
  <system-err><![CDATA[]]></system-err>
</testsuite>
